[12:19:16] [main/INFO] (FabricLoader/GameProvider) Loading Minecraft 1.21.11 with Fabric Loader 0.18.4
[12:19:16] [main/INFO] (FabricLoader) Loading 51 mods:
	- customhud 1.0.0
	- fabric-api 0.141.3+1.21.11
	- fabric-api-base 1.0.5+4ebb5c083e
	- fabric-api-lookup-api-v1 1.6.114+20dc27073e
	- fabric-biome-api-v1 17.1.1+4fc5413f3e
	- fabric-block-api-v1 1.1.10+4ebb5c083e
	- fabric-block-view-api-v2 1.0.39+4ebb5c083e
	- fabric-client-gametest-api-v1 4.3.5+bfe9fcf43e
	- fabric-command-api-v2 2.4.7+6b42a6003e
	- fabric-content-registries-v0 10.2.14+4fc5413f3e
	- fabric-convention-tags-v1 2.1.55+7f945d5b3e
	- fabric-convention-tags-v2 2.17.3+8ef948ba3e
	- fabric-crash-report-info-v1 0.3.23+4ebb5c083e
	- fabric-data-attachment-api-v1 1.8.47+eed0806f3e
	- fabric-data-generation-api-v1 23.4.0+69974c4e3e
	- fabric-dimensions-v1 4.0.28+4fc5413f3e
	- fabric-entity-events-v1 3.1.1+1d0ab4303e
	- fabric-events-interaction-v0 4.1.0+3b89ecf63e
	- fabric-game-rule-api-v1 2.0.3+4fc5413f3e
	- fabric-gametest-api-v1 3.1.27+4fc5413f3e
	- fabric-item-api-v1 11.5.20+d0c46b9e3e
	- fabric-item-group-api-v1 4.2.36+4fc5413f3e
	- fabric-key-binding-api-v1 1.1.7+4fc5413f3e
	- fabric-lifecycle-events-v1 2.6.15+4ebb5c083e
	- fabric-loot-api-v2 3.0.73+3f89f5a53e
	- fabric-loot-api-v3 2.0.20+78c8b4663e
	- fabric-message-api-v1 6.1.12+4ebb5c083e
	- fabric-model-loading-api-v1 6.0.15+4fc5413f3e
	- fabric-networking-api-v1 5.1.5+ae1e07683e
	- fabric-object-builder-api-v1 21.1.39+4fc5413f3e
	- fabric-particles-v1 4.2.11+4fc5413f3e
	- fabric-recipe-api-v1 8.2.3+4ebb5c083e
	- fabric-registry-sync-v0 6.2.5+1718722b3e
	- fabric-renderer-api-v1 8.0.3+f4ffd2e53e
	- fabric-renderer-indigo 5.0.3+f4ffd2e53e
	- fabric-rendering-fluids-v1 3.1.43+4ebb5c083e
	- fabric-rendering-v1 16.2.10+0290ad933e
	- fabric-resource-conditions-api-v1 5.0.35+4fc5413f3e
	- fabric-resource-loader-v0 3.3.4+4fc5413f3e
	- fabric-resource-loader-v1 1.0.10+78c8b4663e
	- fabric-screen-api-v1 3.1.7+4ebb5c083e
	- fabric-screen-handler-api-v1 1.3.161+4fc5413f3e
	- fabric-serialization-api-v1 1.0.5+4ebb5c083e
	- fabric-sound-api-v1 1.0.51+4fc5413f3e
	- fabric-tag-api-v1 1.2.20+4fc5413f3e
	- fabric-transfer-api-v1 6.0.25+4fc5413f3e
	- fabric-transitive-access-wideners-v1 7.1.0+014c8cec3e
	- fabricloader 0.18.4
	- java 21
	- minecraft 1.21.11
	- mixinextras 0.5.0
[12:19:16] [main/INFO] (FabricLoader/Mixin) SpongePowered MIXIN Subsystem Version=0.8.7 Source=file:/C:/Users/matte/.gradle/caches/modules-2/files-2.1/net.fabricmc/sponge-mixin/0.17.0+mixin.0.8.7/cf31463202f72d03b0ef1e1e38e8ee71b7faaab6/sponge-mixin-0.17.0+mixin.0.8.7.jar Service=Knot/Fabric Env=CLIENT
[12:19:16] [main/INFO] (FabricLoader/Mixin) Loaded Fabric development mappings for mixin remapper!
[12:19:16] [main/INFO] (FabricLoader/Mixin) Compatibility level set to JAVA_21
[12:19:18] [main/INFO] (FabricLoader/MixinExtras|Service) Initializing MixinExtras via com.llamalad7.mixinextras.service.MixinExtrasServiceImpl(version=0.5.0).
[12:19:19] [Datafixer Bootstrap/INFO] (Minecraft) 287 Datafixer optimizations took 527 milliseconds
[12:19:25] [Render thread/INFO] (Minecraft) Environment: Environment[sessionHost=https://sessionserver.mojang.com, servicesHost=https://api.minecraftservices.com, profilesHost=https://api.mojang.com, name=PROD]
[12:19:25] [Render thread/INFO] (Minecraft) Setting user: Player512
[12:19:26] [Render thread/INFO] (Indigo) [Indigo] Registering Indigo renderer!
[12:19:26] [Download-2/ERROR] (Minecraft) Failed to fetch user properties
com.mojang.authlib.exceptions.InvalidCredentialsException: Status: 401
	at knot//com.mojang.authlib.exceptions.MinecraftClientHttpException.toAuthenticationException(MinecraftClientHttpException.java:59)
	at knot//com.mojang.authlib.yggdrasil.YggdrasilUserApiService.fetchProperties(YggdrasilUserApiService.java:150)
	at knot//net.minecraft.client.MinecraftClient.method_55608(MinecraftClient.java:457)
	at java.base/java.util.concurrent.CompletableFuture$AsyncSupply.run(CompletableFuture.java:1768)
	at java.base/java.util.concurrent.ThreadPoolExecutor.runWorker(ThreadPoolExecutor.java:1144)
	at java.base/java.util.concurrent.ThreadPoolExecutor$Worker.run(ThreadPoolExecutor.java:642)
	at java.base/java.lang.Thread.run(Thread.java:1583)
Caused by: com.mojang.authlib.exceptions.MinecraftClientHttpException: Status: 401
	at knot//com.mojang.authlib.minecraft.client.MinecraftClient.readInputStream(MinecraftClient.java:103)
	at knot//com.mojang.authlib.minecraft.client.MinecraftClient.get(MinecraftClient.java:56)
	at knot//com.mojang.authlib.yggdrasil.YggdrasilUserApiService.fetchProperties(YggdrasilUserApiService.java:121)
	... 5 more
[12:19:26] [Render thread/INFO] (Minecraft) Backend library: LWJGL version 3.3.3-snapshot
[12:19:27] [Render thread/INFO] (Minecraft) Using optional rendering extensions: GL_ARB_buffer_storage, GL_KHR_debug, GL_ARB_vertex_attrib_binding, GL_ARB_direct_state_access, GL_EXT_texture_filter_anisotropic
[12:19:28] [Render thread/INFO] (Minecraft) Reloading ResourceManager: vanilla, customhud, fabric-api, fabric-api-base, fabric-api-lookup-api-v1, fabric-biome-api-v1, fabric-block-api-v1, fabric-block-view-api-v2, fabric-client-gametest-api-v1, fabric-command-api-v2, fabric-content-registries-v0, fabric-convention-tags-v1, fabric-convention-tags-v2, fabric-crash-report-info-v1, fabric-data-attachment-api-v1, fabric-data-generation-api-v1, fabric-dimensions-v1, fabric-entity-events-v1, fabric-events-interaction-v0, fabric-game-rule-api-v1, fabric-gametest-api-v1, fabric-item-api-v1, fabric-item-group-api-v1, fabric-key-binding-api-v1, fabric-lifecycle-events-v1, fabric-loot-api-v2, fabric-loot-api-v3, fabric-message-api-v1, fabric-model-loading-api-v1, fabric-networking-api-v1, fabric-object-builder-api-v1, fabric-particles-v1, fabric-recipe-api-v1, fabric-registry-sync-v0, fabric-renderer-api-v1, fabric-renderer-indigo, fabric-rendering-fluids-v1, fabric-rendering-v1, fabric-resource-conditions-api-v1, fabric-resource-loader-v0, fabric-resource-loader-v1, fabric-screen-api-v1, fabric-screen-handler-api-v1, fabric-serialization-api-v1, fabric-sound-api-v1, fabric-tag-api-v1, fabric-transfer-api-v1, fabric-transitive-access-wideners-v1, fabricloader
[12:19:28] [Download-2/INFO] (Minecraft) Could not authorize you against Realms server: java.lang.RuntimeException: Failed to parse into SignedJWT: FabricMC
[12:19:28] [Download-2/ERROR] (Minecraft) Failed to fetch Realms feature flags
net.minecraft.client.realms.exception.RealmsServiceException: Realms authentication error with message 'java.lang.RuntimeException: Failed to parse into SignedJWT: FabricMC'
	at knot//net.minecraft.client.realms.RealmsClient.execute(RealmsClient.java:526)
	at knot//net.minecraft.client.realms.RealmsClient.fetchFeatureFlags(RealmsClient.java:186)
	at java.base/java.util.concurrent.CompletableFuture$AsyncSupply.run(CompletableFuture.java:1768)
	at java.base/java.util.concurrent.ThreadPoolExecutor.runWorker(ThreadPoolExecutor.java:1144)
	at java.base/java.util.concurrent.ThreadPoolExecutor$Worker.run(ThreadPoolExecutor.java:642)
	at java.base/java.lang.Thread.run(Thread.java:1583)
[12:19:28] [Worker-Main-3/INFO] (Minecraft) Found unifont_all_no_pua-17.0.01.hex, loading
[12:19:28] [Worker-Main-1/INFO] (Minecraft) Found unifont_pua-17.0.01.hex, loading
[12:19:29] [Worker-Main-3/INFO] (Minecraft) Found unifont_jp_patch-17.0.01.hex, loading
[12:19:29] [Render thread/INFO] (Minecraft) OpenAL initialized on device OpenAL Soft on Altoparlanti (Realtek(R) Audio)
[12:19:29] [Render thread/INFO] (Minecraft) Sound engine started
[12:19:29] [Render thread/INFO] (Minecraft) Created: 512x256x0 minecraft:textures/atlas/particles.png-atlas
[12:19:29] [Render thread/INFO] (Minecraft) Created: 128x128x0 minecraft:textures/atlas/decorated_pot.png-atlas
[12:19:29] [Render thread/INFO] (Minecraft) Created: 2048x1024x0 minecraft:textures/atlas/armor_trims.png-atlas
[12:19:29] [Render thread/INFO] (Minecraft) Created: 512x256x0 minecraft:textures/atlas/paintings.png-atlas
[12:19:29] [Render thread/INFO] (Minecraft) Created: 1024x512x0 minecraft:textures/atlas/shield_patterns.png-atlas
[12:19:29] [Render thread/INFO] (Minecraft) Created: 2048x2048x4 minecraft:textures/atlas/blocks.png-atlas
[12:19:29] [Render thread/INFO] (Minecraft) Created: 512x512x0 minecraft:textures/atlas/chest.png-atlas
[12:19:29] [Render thread/INFO] (Minecraft) Created: 256x128x0 minecraft:textures/atlas/celestials.png-atlas
[12:19:29] [Render thread/INFO] (Minecraft) Created: 1024x512x0 minecraft:textures/atlas/banner_patterns.png-atlas
[12:19:29] [Render thread/INFO] (Minecraft) Created: 512x512x0 minecraft:textures/atlas/beds.png-atlas
[12:19:29] [Render thread/INFO] (Minecraft) Created: 1024x512x0 minecraft:textures/atlas/items.png-atlas
[12:19:30] [Render thread/INFO] (Minecraft) Created: 1024x1024x0 minecraft:textures/atlas/gui.png-atlas
[12:19:30] [Render thread/INFO] (Minecraft) Created: 128x64x0 minecraft:textures/atlas/map_decorations.png-atlas
[12:19:30] [Render thread/INFO] (Minecraft) Created: 512x256x0 minecraft:textures/atlas/signs.png-atlas
[12:19:30] [Render thread/INFO] (Minecraft) Created: 512x512x0 minecraft:textures/atlas/shulker_boxes.png-atlas
[12:19:30] [IO-Worker-1/INFO] (Minecraft) Could not authorize you against Realms server: java.lang.RuntimeException: Failed to parse into SignedJWT: FabricMC
[12:19:30] [IO-Worker-1/ERROR] (Minecraft) Couldn't connect to realms
net.minecraft.client.realms.exception.RealmsServiceException: Realms authentication error with message 'java.lang.RuntimeException: Failed to parse into SignedJWT: FabricMC'
	at knot//net.minecraft.client.realms.RealmsClient.execute(RealmsClient.java:526)
	at knot//net.minecraft.client.realms.RealmsClient.clientCompatible(RealmsClient.java:307)
	at knot//net.minecraft.client.realms.RealmsAvailability.method_52627(RealmsAvailability.java:48)
	at java.base/java.util.concurrent.CompletableFuture$AsyncSupply.run(CompletableFuture.java:1768)
	at java.base/java.util.concurrent.ThreadPoolExecutor.runWorker(ThreadPoolExecutor.java:1144)
	at java.base/java.util.concurrent.ThreadPoolExecutor$Worker.run(ThreadPoolExecutor.java:642)
	at java.base/java.lang.Thread.run(Thread.java:1583)
[12:19:49] [Render thread/INFO] (Minecraft) Loaded 1470 recipes
[12:19:49] [Render thread/INFO] (Minecraft) Loaded 1584 advancements
[12:19:49] [Render thread/INFO] (BiomeModificationImpl) Applied 0 biome modifications to 0 of 65 new biomes in 1.501 ms
[12:19:49] [Server thread/INFO] (Minecraft) Starting integrated minecraft server version 1.21.11
[12:19:49] [Server thread/INFO] (Minecraft) Generating keypair
[12:19:49] [Server thread/INFO] (Minecraft) Loading 0 persistent chunks...
[12:19:50] [Server thread/INFO] (Minecraft) Loading 49 chunks for player spawn...
[12:19:50] [Server thread/INFO] (Minecraft) Preparing spawn area: 16%
[12:19:50] [Server thread/INFO] (Minecraft) Preparing spawn area: 16%
[12:19:50] [Server thread/INFO] (Minecraft) Preparing spawn area: 16%
[12:19:51] [Server thread/INFO] (Minecraft) Time elapsed: 1470 ms
[12:19:51] [Server thread/INFO] (Minecraft) Player512[local:E:46d8fe18] logged in with entity id 46 at (-108.988446189081, 80.83773854758331, -227.57322076039924)
[12:19:51] [Server thread/INFO] (Minecraft) Player512 joined the game
[12:19:51] [Server thread/INFO] (Minecraft) Changing view distance to 16, from 10
[12:19:51] [Server thread/INFO] (Minecraft) Changing simulation distance to 12, from 0
[12:19:51] [Render thread/INFO] (Minecraft) Resizing Dynamic Transforms UBO, capacity limit of 2 reached during a single frame. New capacity will be 4.
[12:19:51] [Render thread/INFO] (Minecraft) Loaded 2 advancements
[12:19:51] [Render thread/INFO] (Minecraft) Resizing Dynamic Transforms UBO, capacity limit of 4 reached during a single frame. New capacity will be 8.
[12:19:52] [Render thread/INFO] (Minecraft) Resizing Chunk Sections UBO, capacity limit of 2 reached during a single frame. New capacity will be 4.
[12:19:52] [Render thread/INFO] (Minecraft) Resizing Chunk Sections UBO, capacity limit of 4 reached during a single frame. New capacity will be 8.
[12:19:52] [Render thread/INFO] (Minecraft) Resizing Chunk Sections UBO, capacity limit of 8 reached during a single frame. New capacity will be 16.
[12:19:52] [Render thread/INFO] (Minecraft) Resizing Chunk Sections UBO, capacity limit of 16 reached during a single frame. New capacity will be 32.
[12:19:52] [Render thread/INFO] (Minecraft) Resizing Chunk Sections UBO, capacity limit of 32 reached during a single frame. New capacity will be 64.
[12:19:52] [Render thread/INFO] (Minecraft) Resizing Chunk Sections UBO, capacity limit of 64 reached during a single frame. New capacity will be 128.
[12:19:53] [Render thread/INFO] (Minecraft) Resizing Chunk Sections UBO, capacity limit of 128 reached during a single frame. New capacity will be 256.
[12:19:53] [Render thread/INFO] (Minecraft) Resizing Chunk Sections UBO, capacity limit of 256 reached during a single frame. New capacity will be 512.
[12:19:55] [Render thread/INFO] (Minecraft) Resizing Chunk Sections UBO, capacity limit of 512 reached during a single frame. New capacity will be 1024.
[12:19:59] [Render thread/INFO] (Minecraft) Resizing Chunk Sections UBO, capacity limit of 1024 reached during a single frame. New capacity will be 2048.
[12:20:05] [Server thread/INFO] (Minecraft) [Player512: Set the time to 9455]
[12:20:05] [Render thread/INFO] (Minecraft) [System] [CHAT] Set the time to 9455
[12:20:06] [Server thread/INFO] (Minecraft) [Player512: Set the time to 9982]
[12:20:06] [Render thread/INFO] (Minecraft) [System] [CHAT] Set the time to 9982
[12:20:06] [Server thread/INFO] (Minecraft) [Player512: Set the time to 10491]
[12:20:06] [Render thread/INFO] (Minecraft) [System] [CHAT] Set the time to 10491
[12:20:07] [Server thread/INFO] (Minecraft) [Player512: Set the time to 10998]
[12:20:07] [Render thread/INFO] (Minecraft) [System] [CHAT] Set the time to 10998
[12:20:07] [Server thread/INFO] (Minecraft) [Player512: Set the time to 11504]
[12:20:07] [Render thread/INFO] (Minecraft) [System] [CHAT] Set the time to 11504
[12:20:07] [Server thread/INFO] (Minecraft) [Player512: Set the time to 12010]
[12:20:07] [Render thread/INFO] (Minecraft) [System] [CHAT] Set the time to 12010
[12:20:08] [Server thread/INFO] (Minecraft) [Player512: Set the time to 12517]
[12:20:08] [Render thread/INFO] (Minecraft) [System] [CHAT] Set the time to 12517
[12:20:08] [Server thread/INFO] (Minecraft) [Player512: Set the time to 13024]
[12:20:08] [Render thread/INFO] (Minecraft) [System] [CHAT] Set the time to 13024
[12:20:08] [Server thread/INFO] (Minecraft) [Player512: Set the time to 13532]
[12:20:08] [Render thread/INFO] (Minecraft) [System] [CHAT] Set the time to 13532
[12:20:09] [Server thread/INFO] (Minecraft) [Player512: Set the time to 14040]
[12:20:09] [Render thread/INFO] (Minecraft) [System] [CHAT] Set the time to 14040
[12:20:09] [Server thread/INFO] (Minecraft) [Player512: Set the time to 14548]
[12:20:09] [Render thread/INFO] (Minecraft) [System] [CHAT] Set the time to 14548
[12:20:10] [Server thread/INFO] (Minecraft) [Player512: Set the time to 15055]
[12:20:10] [Render thread/INFO] (Minecraft) [System] [CHAT] Set the time to 15055
[12:20:10] [Server thread/INFO] (Minecraft) [Player512: Set the time to 15564]
[12:20:10] [Render thread/INFO] (Minecraft) [System] [CHAT] Set the time to 15564
[12:20:10] [Server thread/INFO] (Minecraft) [Player512: Set the time to 16071]
[12:20:10] [Render thread/INFO] (Minecraft) [System] [CHAT] Set the time to 16071
[12:20:11] [Server thread/INFO] (Minecraft) [Player512: Set the time to 16578]
[12:20:11] [Render thread/INFO] (Minecraft) [System] [CHAT] Set the time to 16578
[12:20:11] [Server thread/INFO] (Minecraft) [Player512: Set the time to 17085]
[12:20:11] [Render thread/INFO] (Minecraft) [System] [CHAT] Set the time to 17085
[12:20:11] [Server thread/INFO] (Minecraft) [Player512: Set the time to 17593]
[12:20:11] [Render thread/INFO] (Minecraft) [System] [CHAT] Set the time to 17593
[12:20:12] [Server thread/INFO] (Minecraft) [Player512: Set the time to 18100]
[12:20:12] [Render thread/INFO] (Minecraft) [System] [CHAT] Set the time to 18100
[12:20:12] [Server thread/INFO] (Minecraft) [Player512: Set the time to 18607]
[12:20:12] [Render thread/INFO] (Minecraft) [System] [CHAT] Set the time to 18607
[12:20:13] [Server thread/INFO] (Minecraft) [Player512: Set the time to 19114]
[12:20:13] [Render thread/INFO] (Minecraft) [System] [CHAT] Set the time to 19114
[12:20:13] [Server thread/INFO] (Minecraft) [Player512: Set the time to 19621]
[12:20:13] [Render thread/INFO] (Minecraft) [System] [CHAT] Set the time to 19621
[12:20:13] [Server thread/INFO] (Minecraft) [Player512: Set the time to 20128]
[12:20:13] [Render thread/INFO] (Minecraft) [System] [CHAT] Set the time to 20128
[12:20:14] [Server thread/INFO] (Minecraft) [Player512: Set the time to 20635]
[12:20:14] [Render thread/INFO] (Minecraft) [System] [CHAT] Set the time to 20635
[12:20:14] [Server thread/INFO] (Minecraft) [Player512: Set the time to 21141]
[12:20:14] [Render thread/INFO] (Minecraft) [System] [CHAT] Set the time to 21141
[12:20:14] [Server thread/INFO] (Minecraft) [Player512: Set the time to 21648]
[12:20:14] [Render thread/INFO] (Minecraft) [System] [CHAT] Set the time to 21648
[12:20:15] [Server thread/INFO] (Minecraft) [Player512: Set the time to 22154]
[12:20:15] [Render thread/INFO] (Minecraft) [System] [CHAT] Set the time to 22154
[12:20:15] [Server thread/INFO] (Minecraft) [Player512: Set the time to 22661]
[12:20:15] [Render thread/INFO] (Minecraft) [System] [CHAT] Set the time to 22661
[12:20:15] [Server thread/INFO] (Minecraft) [Player512: Set the time to 23168]
[12:20:15] [Render thread/INFO] (Minecraft) [System] [CHAT] Set the time to 23168
[12:20:16] [Server thread/INFO] (Minecraft) [Player512: Set the time to 23675]
[12:20:16] [Render thread/INFO] (Minecraft) [System] [CHAT] Set the time to 23675
[12:20:16] [Server thread/INFO] (Minecraft) [Player512: Set the time to 185]
[12:20:16] [Render thread/INFO] (Minecraft) [System] [CHAT] Set the time to 185
[12:20:16] [Server thread/INFO] (Minecraft) [Player512: Set the time to 694]
[12:20:16] [Render thread/INFO] (Minecraft) [System] [CHAT] Set the time to 694
[12:20:17] [Server thread/INFO] (Minecraft) [Player512: Set the time to 1201]
[12:20:17] [Render thread/INFO] (Minecraft) [System] [CHAT] Set the time to 1201
[12:20:17] [Server thread/INFO] (Minecraft) [Player512: Set the time to 1709]
[12:20:17] [Render thread/INFO] (Minecraft) [System] [CHAT] Set the time to 1709
[12:20:18] [Server thread/INFO] (Minecraft) [Player512: Set the time to 2216]
[12:20:18] [Render thread/INFO] (Minecraft) [System] [CHAT] Set the time to 2216
[12:20:18] [Server thread/INFO] (Minecraft) [Player512: Set the time to 2724]
[12:20:18] [Render thread/INFO] (Minecraft) [System] [CHAT] Set the time to 2724
[12:20:18] [Server thread/INFO] (Minecraft) [Player512: Set the time to 3231]
[12:20:18] [Render thread/INFO] (Minecraft) [System] [CHAT] Set the time to 3231
[12:20:19] [Server thread/INFO] (Minecraft) [Player512: Set the time to 3739]
[12:20:19] [Render thread/INFO] (Minecraft) [System] [CHAT] Set the time to 3739
[12:20:19] [Server thread/INFO] (Minecraft) [Player512: Set the time to 4246]
[12:20:19] [Render thread/INFO] (Minecraft) [System] [CHAT] Set the time to 4246
[12:20:20] [Server thread/INFO] (Minecraft) [Player512: Set the time to 4754]
[12:20:20] [Render thread/INFO] (Minecraft) [System] [CHAT] Set the time to 4754
[12:20:20] [Server thread/INFO] (Minecraft) [Player512: Set the time to 5261]
[12:20:20] [Render thread/INFO] (Minecraft) [System] [CHAT] Set the time to 5261
[12:20:20] [Server thread/INFO] (Minecraft) [Player512: Set the time to 5769]
[12:20:20] [Render thread/INFO] (Minecraft) [System] [CHAT] Set the time to 5769
[12:20:21] [Server thread/INFO] (Minecraft) [Player512: Set the time to 6276]
[12:20:21] [Render thread/INFO] (Minecraft) [System] [CHAT] Set the time to 6276
[12:20:29] [Render thread/INFO] (Minecraft) Stopping!
[12:20:29] [Server thread/INFO] (Minecraft) Player512 lost connection: Disconnected
[12:20:29] [Server thread/INFO] (Minecraft) Player512 left the game
[12:20:29] [Server thread/INFO] (Minecraft) Stopping singleplayer server as player logged out
[12:20:29] [Server thread/INFO] (Minecraft) Stopping server
[12:20:29] [Server thread/INFO] (Minecraft) Saving players
[12:20:29] [Server thread/INFO] (Minecraft) Saving worlds
[12:20:29] [Server thread/INFO] (Minecraft) Saving chunks for level 'ServerLevel[New World]'/minecraft:overworld
[12:20:29] [Server thread/INFO] (Minecraft) Saving chunks for level 'ServerLevel[New World]'/minecraft:the_end
[12:20:29] [Server thread/INFO] (Minecraft) Saving chunks for level 'ServerLevel[New World]'/minecraft:the_nether
[12:20:29] [Server thread/INFO] (Minecraft) ThreadedAnvilChunkStorage (New World (1)): All chunks are saved
[12:20:29] [Server thread/INFO] (Minecraft) ThreadedAnvilChunkStorage (DIM1): All chunks are saved
[12:20:29] [Server thread/INFO] (Minecraft) ThreadedAnvilChunkStorage (DIM-1): All chunks are saved
[12:20:29] [Server thread/INFO] (Minecraft) ThreadedAnvilChunkStorage: All dimensions are saved
